2019-02-06 13:58:37.055  INFO 62542 --- [main] com.example.demo.ApiApplication          : Starting ApiApplication on Lucas.local with PID 62542 (/Users/lucasgauk/Documents/5thyear/ECE422/api/target/classes started by lucasgauk in /Users/lucasgauk/Documents/5thyear/ECE422/api)
2019-02-06 13:58:37.133  INFO 62542 --- [main] com.example.demo.ApiApplication          : No active profile set, falling back to default profiles: default
2019-02-06 13:58:40.006  INFO 62542 --- [main] .s.d.r.c.RepositoryConfigurationDelegate : Bootstrapping Spring Data repositories in DEFAULT mode.
2019-02-06 13:58:40.174  INFO 62542 --- [main] .s.d.r.c.RepositoryConfigurationDelegate : Finished Spring Data repository scanning in 158ms. Found 1 repository interfaces.
2019-02-06 13:58:40.972  INFO 62542 --- [main] trationDelegate$BeanPostProcessorChecker : Bean 'org.springframework.transaction.annotation.ProxyTransactionManagementConfiguration' of type [org.springframework.transaction.annotation.ProxyTransactionManagementConfiguration$$EnhancerBySpringCGLIB$$cb4c74d7] is not eligible for getting processed by all BeanPostProcessors (for example: not eligible for auto-proxying)
2019-02-06 13:58:41.618  INFO 62542 --- [main] o.s.b.w.embedded.tomcat.TomcatWebServer  : Tomcat initialized with port(s): 8080 (http)
2019-02-06 13:58:41.669  INFO 62542 --- [main] o.apache.catalina.core.StandardService   : Starting service [Tomcat]
2019-02-06 13:58:41.669  INFO 62542 --- [main] org.apache.catalina.core.StandardEngine  : Starting Servlet engine: [Apache Tomcat/9.0.14]
2019-02-06 13:58:41.680  INFO 62542 --- [main] o.a.catalina.core.AprLifecycleListener   : The APR based Apache Tomcat Native library which allows optimal performance in production environments was not found on the java.library.path: [/Users/lucasgauk/Library/Java/Extensions:/Library/Java/Extensions:/Network/Library/Java/Extensions:/System/Library/Java/Extensions:/usr/lib/java:.]
2019-02-06 13:58:41.890  INFO 62542 --- [main] o.a.c.c.C.[.[localhost].[/api/v1]        : Initializing Spring embedded WebApplicationContext
2019-02-06 13:58:41.891  INFO 62542 --- [main] o.s.web.context.ContextLoader            : Root WebApplicationContext: initialization completed in 4526 ms
2019-02-06 13:58:42.187  INFO 62542 --- [main] com.zaxxer.hikari.HikariDataSource       : HikariPool-1 - Starting...
2019-02-06 13:58:42.663  INFO 62542 --- [main] com.zaxxer.hikari.pool.PoolBase          : HikariPool-1 - Driver does not support get/set network timeout for connections. (Not yet supported)
2019-02-06 13:58:42.718  INFO 62542 --- [main] com.zaxxer.hikari.HikariDataSource       : HikariPool-1 - Start completed.
2019-02-06 13:58:42.816  INFO 62542 --- [main] o.hibernate.jpa.internal.util.LogHelper  : HHH000204: Processing PersistenceUnitInfo [
	name: default
	...]
2019-02-06 13:58:42.992  INFO 62542 --- [main] org.hibernate.Version                    : HHH000412: Hibernate Core {5.3.7.Final}
2019-02-06 13:58:42.996  INFO 62542 --- [main] org.hibernate.cfg.Environment            : HHH000206: hibernate.properties not found
2019-02-06 13:58:43.306  INFO 62542 --- [main] o.hibernate.annotations.common.Version   : HCANN000001: Hibernate Commons Annotations {5.0.4.Final}
2019-02-06 13:58:43.548  INFO 62542 --- [main] org.hibernate.dialect.Dialect            : HHH000400: Using dialect: org.hibernate.dialect.MySQL5Dialect
2019-02-06 13:58:44.530  INFO 62542 --- [main] j.LocalContainerEntityManagerFactoryBean : Initialized JPA EntityManagerFactory for persistence unit 'default'
2019-02-06 13:58:45.496  WARN 62542 --- [main] aWebConfiguration$JpaWebMvcConfiguration : spring.jpa.open-in-view is enabled by default. Therefore, database queries may be performed during view rendering. Explicitly configure spring.jpa.open-in-view to disable this warning
2019-02-06 13:58:45.665  INFO 62542 --- [main] pertySourcedRequestMappingHandlerMapping : Mapped URL path [/v2/api-docs] onto method [public org.springframework.http.ResponseEntity<springfox.documentation.spring.web.json.Json> springfox.documentation.swagger2.web.Swagger2Controller.getDocumentation(java.lang.String,javax.servlet.http.HttpServletRequest)]
2019-02-06 13:58:45.921  INFO 62542 --- [main] o.s.s.concurrent.ThreadPoolTaskExecutor  : Initializing ExecutorService 'applicationTaskExecutor'
2019-02-06 13:58:46.271  INFO 62542 --- [main] d.s.w.p.DocumentationPluginsBootstrapper : Context refreshed
2019-02-06 13:58:46.303  INFO 62542 --- [main] d.s.w.p.DocumentationPluginsBootstrapper : Found 1 custom documentation plugin(s)
2019-02-06 13:58:46.352  INFO 62542 --- [main] s.d.s.w.s.ApiListingReferenceScanner     : Scanning for api listing references
2019-02-06 13:58:46.716  INFO 62542 --- [main] o.s.b.w.embedded.tomcat.TomcatWebServer  : Tomcat started on port(s): 8080 (http) with context path '/api/v1'
2019-02-06 13:58:46.724  INFO 62542 --- [main] com.example.demo.ApiApplication          : Started ApiApplication in 10.796 seconds (JVM running for 13.606)
2019-02-06 13:59:47.605  INFO 62542 --- [http-nio-8080-exec-1] o.a.c.c.C.[.[localhost].[/api/v1]        : Initializing Spring DispatcherServlet 'dispatcherServlet'
2019-02-06 13:59:47.608  INFO 62542 --- [http-nio-8080-exec-1] o.s.web.servlet.DispatcherServlet        : Initializing Servlet 'dispatcherServlet'
2019-02-06 13:59:47.647  INFO 62542 --- [http-nio-8080-exec-1] o.s.web.servlet.DispatcherServlet        : Completed initialization in 39 ms
2019-02-06 14:00:05.187  WARN 62542 --- [http-nio-8080-exec-2] .w.s.m.s.DefaultHandlerExceptionResolver : Resolved [org.springframework.web.bind.MissingServletRequestParameterException: Required String parameter 'username' is not present]
2019-02-06 14:00:27.276  WARN 62542 --- [http-nio-8080-exec-4] .w.s.m.s.DefaultHandlerExceptionResolver : Resolved [org.springframework.web.bind.MissingServletRequestParameterException: Required String parameter 'username' is not present]
2019-02-06 14:00:49.681  INFO 62542 --- [http-nio-8080-exec-5] o.h.h.i.QueryTranslatorFactoryInitiator  : HHH000397: Using ASTQueryTranslatorFactory
2019-02-06 14:12:26.839  WARN 62542 --- [HikariPool-1 housekeeper] com.zaxxer.hikari.pool.HikariPool        : HikariPool-1 - Thread starvation or clock leap detected (housekeeper delta=3m43s919ms).
2019-02-06 15:06:19.228  WARN 62542 --- [HikariPool-1 housekeeper] com.zaxxer.hikari.pool.HikariPool        : HikariPool-1 - Thread starvation or clock leap detected (housekeeper delta=20m22s75ms).
2019-02-06 15:30:05.785  WARN 62542 --- [HikariPool-1 housekeeper] com.zaxxer.hikari.pool.HikariPool        : HikariPool-1 - Thread starvation or clock leap detected (housekeeper delta=1m15s772ms).
2019-02-06 15:39:58.863  INFO 62542 --- [Thread-2] o.s.s.concurrent.ThreadPoolTaskExecutor  : Shutting down ExecutorService 'applicationTaskExecutor'
2019-02-06 15:39:58.908  INFO 62542 --- [Thread-2] j.LocalContainerEntityManagerFactoryBean : Closing JPA EntityManagerFactory for persistence unit 'default'
2019-02-06 15:39:58.987  INFO 62542 --- [Thread-2] com.zaxxer.hikari.HikariDataSource       : HikariPool-1 - Shutdown initiated...
2019-02-06 15:39:59.058  INFO 62542 --- [Thread-2] com.zaxxer.hikari.HikariDataSource       : HikariPool-1 - Shutdown completed.
2019-02-06 15:40:07.767  INFO 63817 --- [main] com.example.demo.ApiApplication          : Starting ApiApplication on Lucas.local with PID 63817 (/Users/lucasgauk/Documents/5thyear/ECE422/api/target/classes started by lucasgauk in /Users/lucasgauk/Documents/5thyear/ECE422/api)
2019-02-06 15:40:07.771  INFO 63817 --- [main] com.example.demo.ApiApplication          : No active profile set, falling back to default profiles: default
2019-02-06 15:40:10.257  INFO 63817 --- [main] .s.d.r.c.RepositoryConfigurationDelegate : Bootstrapping Spring Data repositories in DEFAULT mode.
2019-02-06 15:40:10.408  INFO 63817 --- [main] .s.d.r.c.RepositoryConfigurationDelegate : Finished Spring Data repository scanning in 137ms. Found 1 repository interfaces.
2019-02-06 15:40:10.981  INFO 63817 --- [main] trationDelegate$BeanPostProcessorChecker : Bean 'org.springframework.transaction.annotation.ProxyTransactionManagementConfiguration' of type [org.springframework.transaction.annotation.ProxyTransactionManagementConfiguration$$EnhancerBySpringCGLIB$$2d2a0be5] is not eligible for getting processed by all BeanPostProcessors (for example: not eligible for auto-proxying)
2019-02-06 15:40:11.622  INFO 63817 --- [main] o.s.b.w.embedded.tomcat.TomcatWebServer  : Tomcat initialized with port(s): 8080 (http)
2019-02-06 15:40:11.668  INFO 63817 --- [main] o.apache.catalina.core.StandardService   : Starting service [Tomcat]
2019-02-06 15:40:11.669  INFO 63817 --- [main] org.apache.catalina.core.StandardEngine  : Starting Servlet engine: [Apache Tomcat/9.0.14]
2019-02-06 15:40:11.680  INFO 63817 --- [main] o.a.catalina.core.AprLifecycleListener   : The APR based Apache Tomcat Native library which allows optimal performance in production environments was not found on the java.library.path: [/Users/lucasgauk/Library/Java/Extensions:/Library/Java/Extensions:/Network/Library/Java/Extensions:/System/Library/Java/Extensions:/usr/lib/java:.]
2019-02-06 15:40:11.862  INFO 63817 --- [main] o.a.c.c.C.[.[localhost].[/api/v1]        : Initializing Spring embedded WebApplicationContext
2019-02-06 15:40:11.862  INFO 63817 --- [main] o.s.web.context.ContextLoader            : Root WebApplicationContext: initialization completed in 3993 ms
2019-02-06 15:40:12.091  INFO 63817 --- [main] com.zaxxer.hikari.HikariDataSource       : HikariPool-1 - Starting...
2019-02-06 15:40:12.624  INFO 63817 --- [main] com.zaxxer.hikari.pool.PoolBase          : HikariPool-1 - Driver does not support get/set network timeout for connections. (Not yet supported)
2019-02-06 15:40:12.678  INFO 63817 --- [main] com.zaxxer.hikari.HikariDataSource       : HikariPool-1 - Start completed.
2019-02-06 15:40:12.757  INFO 63817 --- [main] o.hibernate.jpa.internal.util.LogHelper  : HHH000204: Processing PersistenceUnitInfo [
	name: default
	...]
2019-02-06 15:40:12.866  INFO 63817 --- [main] org.hibernate.Version                    : HHH000412: Hibernate Core {5.3.7.Final}
2019-02-06 15:40:12.869  INFO 63817 --- [main] org.hibernate.cfg.Environment            : HHH000206: hibernate.properties not found
2019-02-06 15:40:13.128  INFO 63817 --- [main] o.hibernate.annotations.common.Version   : HCANN000001: Hibernate Commons Annotations {5.0.4.Final}
2019-02-06 15:40:13.351  INFO 63817 --- [main] org.hibernate.dialect.Dialect            : HHH000400: Using dialect: org.hibernate.dialect.MySQL5Dialect
2019-02-06 15:40:14.255  INFO 63817 --- [main] j.LocalContainerEntityManagerFactoryBean : Initialized JPA EntityManagerFactory for persistence unit 'default'
2019-02-06 15:40:15.003  WARN 63817 --- [main] aWebConfiguration$JpaWebMvcConfiguration : spring.jpa.open-in-view is enabled by default. Therefore, database queries may be performed during view rendering. Explicitly configure spring.jpa.open-in-view to disable this warning
2019-02-06 15:40:15.166  INFO 63817 --- [main] pertySourcedRequestMappingHandlerMapping : Mapped URL path [/v2/api-docs] onto method [public org.springframework.http.ResponseEntity<springfox.documentation.spring.web.json.Json> springfox.documentation.swagger2.web.Swagger2Controller.getDocumentation(java.lang.String,javax.servlet.http.HttpServletRequest)]
2019-02-06 15:40:15.419  INFO 63817 --- [main] o.s.s.concurrent.ThreadPoolTaskExecutor  : Initializing ExecutorService 'applicationTaskExecutor'
2019-02-06 15:40:15.743  INFO 63817 --- [main] d.s.w.p.DocumentationPluginsBootstrapper : Context refreshed
2019-02-06 15:40:15.780  INFO 63817 --- [main] d.s.w.p.DocumentationPluginsBootstrapper : Found 1 custom documentation plugin(s)
2019-02-06 15:40:15.836  INFO 63817 --- [main] s.d.s.w.s.ApiListingReferenceScanner     : Scanning for api listing references
2019-02-06 15:40:16.169  INFO 63817 --- [main] o.s.b.w.embedded.tomcat.TomcatWebServer  : Tomcat started on port(s): 8080 (http) with context path '/api/v1'
2019-02-06 15:40:16.177  INFO 63817 --- [main] com.example.demo.ApiApplication          : Started ApiApplication in 9.012 seconds (JVM running for 10.796)
2019-02-06 15:40:41.241  INFO 63817 --- [http-nio-8080-exec-1] o.a.c.c.C.[.[localhost].[/api/v1]        : Initializing Spring DispatcherServlet 'dispatcherServlet'
2019-02-06 15:40:41.250  INFO 63817 --- [http-nio-8080-exec-1] o.s.web.servlet.DispatcherServlet        : Initializing Servlet 'dispatcherServlet'
2019-02-06 15:40:41.275  INFO 63817 --- [http-nio-8080-exec-1] o.s.web.servlet.DispatcherServlet        : Completed initialization in 24 ms
2019-02-06 15:40:57.823 ERROR 63817 --- [http-nio-8080-exec-9] o.a.c.c.C.[.[.[.[dispatcherServlet]      : Servlet.service() for servlet [dispatcherServlet] in context with path [/api/v1] threw exception [Request processing failed; nested exception is java.lang.NullPointerException] with root cause

java.lang.NullPointerException: null
	at java.base/java.util.Objects.requireNonNull(Objects.java:221) ~[na:na]
	at java.base/java.util.Arrays$ArrayList.<init>(Arrays.java:4322) ~[na:na]
	at java.base/java.util.Arrays.asList(Arrays.java:4309) ~[na:na]
	at com.example.demo.Service.Implementation.FileServiceImp.getFileNames(FileServiceImp.java:25) ~[classes/:na]
	at com.example.demo.Controller.FileController.getAllFiles(FileController.java:26) ~[classes/:na]
	at java.base/jdk.internal.reflect.NativeMethodAccessorImpl.invoke0(Native Method) ~[na:na]
	at java.base/jdk.internal.reflect.NativeMethodAccessorImpl.invoke(NativeMethodAccessorImpl.java:62) ~[na:na]
	at java.base/jdk.internal.reflect.DelegatingMethodAccessorImpl.invoke(DelegatingMethodAccessorImpl.java:43) ~[na:na]
	at java.base/java.lang.reflect.Method.invoke(Method.java:564) ~[na:na]
	at org.springframework.web.method.support.InvocableHandlerMethod.doInvoke(InvocableHandlerMethod.java:189) ~[spring-web-5.1.4.RELEASE.jar:5.1.4.RELEASE]
	at org.springframework.web.method.support.InvocableHandlerMethod.invokeForRequest(InvocableHandlerMethod.java:138) ~[spring-web-5.1.4.RELEASE.jar:5.1.4.RELEASE]
	at org.springframework.web.servlet.mvc.method.annotation.ServletInvocableHandlerMethod.invokeAndHandle(ServletInvocableHandlerMethod.java:102) ~[spring-webmvc-5.1.4.RELEASE.jar:5.1.4.RELEASE]
	at org.springframework.web.servlet.mvc.method.annotation.RequestMappingHandlerAdapter.invokeHandlerMethod(RequestMappingHandlerAdapter.java:895) ~[spring-webmvc-5.1.4.RELEASE.jar:5.1.4.RELEASE]
	at org.springframework.web.servlet.mvc.method.annotation.RequestMappingHandlerAdapter.handleInternal(RequestMappingHandlerAdapter.java:800) ~[spring-webmvc-5.1.4.RELEASE.jar:5.1.4.RELEASE]
	at org.springframework.web.servlet.mvc.method.AbstractHandlerMethodAdapter.handle(AbstractHandlerMethodAdapter.java:87) ~[spring-webmvc-5.1.4.RELEASE.jar:5.1.4.RELEASE]
	at org.springframework.web.servlet.DispatcherServlet.doDispatch(DispatcherServlet.java:1038) ~[spring-webmvc-5.1.4.RELEASE.jar:5.1.4.RELEASE]
	at org.springframework.web.servlet.DispatcherServlet.doService(DispatcherServlet.java:942) ~[spring-webmvc-5.1.4.RELEASE.jar:5.1.4.RELEASE]
	at org.springframework.web.servlet.FrameworkServlet.processRequest(FrameworkServlet.java:1005) ~[spring-webmvc-5.1.4.RELEASE.jar:5.1.4.RELEASE]
	at org.springframework.web.servlet.FrameworkServlet.doGet(FrameworkServlet.java:897) ~[spring-webmvc-5.1.4.RELEASE.jar:5.1.4.RELEASE]
	at javax.servlet.http.HttpServlet.service(HttpServlet.java:634) ~[tomcat-embed-core-9.0.14.jar:9.0.14]
	at org.springframework.web.servlet.FrameworkServlet.service(FrameworkServlet.java:882) ~[spring-webmvc-5.1.4.RELEASE.jar:5.1.4.RELEASE]
	at javax.servlet.http.HttpServlet.service(HttpServlet.java:741) ~[tomcat-embed-core-9.0.14.jar:9.0.14]
	at org.apache.catalina.core.ApplicationFilterChain.internalDoFilter(ApplicationFilterChain.java:231) ~[tomcat-embed-core-9.0.14.jar:9.0.14]
	at org.apache.catalina.core.ApplicationFilterChain.doFilter(ApplicationFilterChain.java:166) ~[tomcat-embed-core-9.0.14.jar:9.0.14]
	at org.apache.tomcat.websocket.server.WsFilter.doFilter(WsFilter.java:53) ~[tomcat-embed-websocket-9.0.14.jar:9.0.14]
	at org.apache.catalina.core.ApplicationFilterChain.internalDoFilter(ApplicationFilterChain.java:193) ~[tomcat-embed-core-9.0.14.jar:9.0.14]
	at org.apache.catalina.core.ApplicationFilterChain.doFilter(ApplicationFilterChain.java:166) ~[tomcat-embed-core-9.0.14.jar:9.0.14]
	at org.springframework.web.filter.RequestContextFilter.doFilterInternal(RequestContextFilter.java:99) ~[spring-web-5.1.4.RELEASE.jar:5.1.4.RELEASE]
	at org.springframework.web.filter.OncePerRequestFilter.doFilter(OncePerRequestFilter.java:107) ~[spring-web-5.1.4.RELEASE.jar:5.1.4.RELEASE]
	at org.apache.catalina.core.ApplicationFilterChain.internalDoFilter(ApplicationFilterChain.java:193) ~[tomcat-embed-core-9.0.14.jar:9.0.14]
	at org.apache.catalina.core.ApplicationFilterChain.doFilter(ApplicationFilterChain.java:166) ~[tomcat-embed-core-9.0.14.jar:9.0.14]
	at org.springframework.web.filter.FormContentFilter.doFilterInternal(FormContentFilter.java:92) ~[spring-web-5.1.4.RELEASE.jar:5.1.4.RELEASE]
	at org.springframework.web.filter.OncePerRequestFilter.doFilter(OncePerRequestFilter.java:107) ~[spring-web-5.1.4.RELEASE.jar:5.1.4.RELEASE]
	at org.apache.catalina.core.ApplicationFilterChain.internalDoFilter(ApplicationFilterChain.java:193) ~[tomcat-embed-core-9.0.14.jar:9.0.14]
	at org.apache.catalina.core.ApplicationFilterChain.doFilter(ApplicationFilterChain.java:166) ~[tomcat-embed-core-9.0.14.jar:9.0.14]
	at org.springframework.web.filter.HiddenHttpMethodFilter.doFilterInternal(HiddenHttpMethodFilter.java:93) ~[spring-web-5.1.4.RELEASE.jar:5.1.4.RELEASE]
	at org.springframework.web.filter.OncePerRequestFilter.doFilter(OncePerRequestFilter.java:107) ~[spring-web-5.1.4.RELEASE.jar:5.1.4.RELEASE]
	at org.apache.catalina.core.ApplicationFilterChain.internalDoFilter(ApplicationFilterChain.java:193) ~[tomcat-embed-core-9.0.14.jar:9.0.14]
	at org.apache.catalina.core.ApplicationFilterChain.doFilter(ApplicationFilterChain.java:166) ~[tomcat-embed-core-9.0.14.jar:9.0.14]
	at org.springframework.web.filter.CharacterEncodingFilter.doFilterInternal(CharacterEncodingFilter.java:200) ~[spring-web-5.1.4.RELEASE.jar:5.1.4.RELEASE]
	at org.springframework.web.filter.OncePerRequestFilter.doFilter(OncePerRequestFilter.java:107) ~[spring-web-5.1.4.RELEASE.jar:5.1.4.RELEASE]
	at org.apache.catalina.core.ApplicationFilterChain.internalDoFilter(ApplicationFilterChain.java:193) ~[tomcat-embed-core-9.0.14.jar:9.0.14]
	at org.apache.catalina.core.ApplicationFilterChain.doFilter(ApplicationFilterChain.java:166) ~[tomcat-embed-core-9.0.14.jar:9.0.14]
	at org.apache.catalina.core.StandardWrapperValve.invoke(StandardWrapperValve.java:199) ~[tomcat-embed-core-9.0.14.jar:9.0.14]
	at org.apache.catalina.core.StandardContextValve.invoke(StandardContextValve.java:96) [tomcat-embed-core-9.0.14.jar:9.0.14]
	at org.apache.catalina.authenticator.AuthenticatorBase.invoke(AuthenticatorBase.java:490) [tomcat-embed-core-9.0.14.jar:9.0.14]
	at org.apache.catalina.core.StandardHostValve.invoke(StandardHostValve.java:139) [tomcat-embed-core-9.0.14.jar:9.0.14]
	at org.apache.catalina.valves.ErrorReportValve.invoke(ErrorReportValve.java:92) [tomcat-embed-core-9.0.14.jar:9.0.14]
	at org.apache.catalina.core.StandardEngineValve.invoke(StandardEngineValve.java:74) [tomcat-embed-core-9.0.14.jar:9.0.14]
	at org.apache.catalina.connector.CoyoteAdapter.service(CoyoteAdapter.java:343) [tomcat-embed-core-9.0.14.jar:9.0.14]
	at org.apache.coyote.http11.Http11Processor.service(Http11Processor.java:408) [tomcat-embed-core-9.0.14.jar:9.0.14]
	at org.apache.coyote.AbstractProcessorLight.process(AbstractProcessorLight.java:66) [tomcat-embed-core-9.0.14.jar:9.0.14]
	at org.apache.coyote.AbstractProtocol$ConnectionHandler.process(AbstractProtocol.java:834) [tomcat-embed-core-9.0.14.jar:9.0.14]
	at org.apache.tomcat.util.net.NioEndpoint$SocketProcessor.doRun(NioEndpoint.java:1417) [tomcat-embed-core-9.0.14.jar:9.0.14]
	at org.apache.tomcat.util.net.SocketProcessorBase.run(SocketProcessorBase.java:49) [tomcat-embed-core-9.0.14.jar:9.0.14]
	at java.base/java.util.concurrent.ThreadPoolExecutor.runWorker(ThreadPoolExecutor.java:1135) [na:na]
	at java.base/java.util.concurrent.ThreadPoolExecutor$Worker.run(ThreadPoolExecutor.java:635) [na:na]
	at org.apache.tomcat.util.threads.TaskThread$WrappingRunnable.run(TaskThread.java:61) [tomcat-embed-core-9.0.14.jar:9.0.14]
	at java.base/java.lang.Thread.run(Thread.java:844) [na:na]

2019-02-06 15:41:40.972 ERROR 63817 --- [http-nio-8080-exec-2] o.a.c.c.C.[.[.[.[dispatcherServlet]      : Servlet.service() for servlet [dispatcherServlet] in context with path [/api/v1] threw exception [Request processing failed; nested exception is java.lang.NullPointerException] with root cause

java.lang.NullPointerException: null
	at java.base/java.util.Objects.requireNonNull(Objects.java:221) ~[na:na]
	at java.base/java.util.Arrays$ArrayList.<init>(Arrays.java:4322) ~[na:na]
	at java.base/java.util.Arrays.asList(Arrays.java:4309) ~[na:na]
	at com.example.demo.Service.Implementation.FileServiceImp.getFileNames(FileServiceImp.java:25) ~[classes/:na]
	at com.example.demo.Controller.FileController.getAllFiles(FileController.java:26) ~[classes/:na]
	at java.base/jdk.internal.reflect.NativeMethodAccessorImpl.invoke0(Native Method) ~[na:na]
	at java.base/jdk.internal.reflect.NativeMethodAccessorImpl.invoke(NativeMethodAccessorImpl.java:62) ~[na:na]
	at java.base/jdk.internal.reflect.DelegatingMethodAccessorImpl.invoke(DelegatingMethodAccessorImpl.java:43) ~[na:na]
	at java.base/java.lang.reflect.Method.invoke(Method.java:564) ~[na:na]
	at org.springframework.web.method.support.InvocableHandlerMethod.doInvoke(InvocableHandlerMethod.java:189) ~[spring-web-5.1.4.RELEASE.jar:5.1.4.RELEASE]
	at org.springframework.web.method.support.InvocableHandlerMethod.invokeForRequest(InvocableHandlerMethod.java:138) ~[spring-web-5.1.4.RELEASE.jar:5.1.4.RELEASE]
	at org.springframework.web.servlet.mvc.method.annotation.ServletInvocableHandlerMethod.invokeAndHandle(ServletInvocableHandlerMethod.java:102) ~[spring-webmvc-5.1.4.RELEASE.jar:5.1.4.RELEASE]
	at org.springframework.web.servlet.mvc.method.annotation.RequestMappingHandlerAdapter.invokeHandlerMethod(RequestMappingHandlerAdapter.java:895) ~[spring-webmvc-5.1.4.RELEASE.jar:5.1.4.RELEASE]
	at org.springframework.web.servlet.mvc.method.annotation.RequestMappingHandlerAdapter.handleInternal(RequestMappingHandlerAdapter.java:800) ~[spring-webmvc-5.1.4.RELEASE.jar:5.1.4.RELEASE]
	at org.springframework.web.servlet.mvc.method.AbstractHandlerMethodAdapter.handle(AbstractHandlerMethodAdapter.java:87) ~[spring-webmvc-5.1.4.RELEASE.jar:5.1.4.RELEASE]
	at org.springframework.web.servlet.DispatcherServlet.doDispatch(DispatcherServlet.java:1038) ~[spring-webmvc-5.1.4.RELEASE.jar:5.1.4.RELEASE]
	at org.springframework.web.servlet.DispatcherServlet.doService(DispatcherServlet.java:942) ~[spring-webmvc-5.1.4.RELEASE.jar:5.1.4.RELEASE]
	at org.springframework.web.servlet.FrameworkServlet.processRequest(FrameworkServlet.java:1005) ~[spring-webmvc-5.1.4.RELEASE.jar:5.1.4.RELEASE]
	at org.springframework.web.servlet.FrameworkServlet.doGet(FrameworkServlet.java:897) ~[spring-webmvc-5.1.4.RELEASE.jar:5.1.4.RELEASE]
	at javax.servlet.http.HttpServlet.service(HttpServlet.java:634) ~[tomcat-embed-core-9.0.14.jar:9.0.14]
	at org.springframework.web.servlet.FrameworkServlet.service(FrameworkServlet.java:882) ~[spring-webmvc-5.1.4.RELEASE.jar:5.1.4.RELEASE]
	at javax.servlet.http.HttpServlet.service(HttpServlet.java:741) ~[tomcat-embed-core-9.0.14.jar:9.0.14]
	at org.apache.catalina.core.ApplicationFilterChain.internalDoFilter(ApplicationFilterChain.java:231) ~[tomcat-embed-core-9.0.14.jar:9.0.14]
	at org.apache.catalina.core.ApplicationFilterChain.doFilter(ApplicationFilterChain.java:166) ~[tomcat-embed-core-9.0.14.jar:9.0.14]
	at org.apache.tomcat.websocket.server.WsFilter.doFilter(WsFilter.java:53) ~[tomcat-embed-websocket-9.0.14.jar:9.0.14]
	at org.apache.catalina.core.ApplicationFilterChain.internalDoFilter(ApplicationFilterChain.java:193) ~[tomcat-embed-core-9.0.14.jar:9.0.14]
	at org.apache.catalina.core.ApplicationFilterChain.doFilter(ApplicationFilterChain.java:166) ~[tomcat-embed-core-9.0.14.jar:9.0.14]
	at org.springframework.web.filter.RequestContextFilter.doFilterInternal(RequestContextFilter.java:99) ~[spring-web-5.1.4.RELEASE.jar:5.1.4.RELEASE]
	at org.springframework.web.filter.OncePerRequestFilter.doFilter(OncePerRequestFilter.java:107) ~[spring-web-5.1.4.RELEASE.jar:5.1.4.RELEASE]
	at org.apache.catalina.core.ApplicationFilterChain.internalDoFilter(ApplicationFilterChain.java:193) ~[tomcat-embed-core-9.0.14.jar:9.0.14]
	at org.apache.catalina.core.ApplicationFilterChain.doFilter(ApplicationFilterChain.java:166) ~[tomcat-embed-core-9.0.14.jar:9.0.14]
	at org.springframework.web.filter.FormContentFilter.doFilterInternal(FormContentFilter.java:92) ~[spring-web-5.1.4.RELEASE.jar:5.1.4.RELEASE]
	at org.springframework.web.filter.OncePerRequestFilter.doFilter(OncePerRequestFilter.java:107) ~[spring-web-5.1.4.RELEASE.jar:5.1.4.RELEASE]
	at org.apache.catalina.core.ApplicationFilterChain.internalDoFilter(ApplicationFilterChain.java:193) ~[tomcat-embed-core-9.0.14.jar:9.0.14]
	at org.apache.catalina.core.ApplicationFilterChain.doFilter(ApplicationFilterChain.java:166) ~[tomcat-embed-core-9.0.14.jar:9.0.14]
	at org.springframework.web.filter.HiddenHttpMethodFilter.doFilterInternal(HiddenHttpMethodFilter.java:93) ~[spring-web-5.1.4.RELEASE.jar:5.1.4.RELEASE]
	at org.springframework.web.filter.OncePerRequestFilter.doFilter(OncePerRequestFilter.java:107) ~[spring-web-5.1.4.RELEASE.jar:5.1.4.RELEASE]
	at org.apache.catalina.core.ApplicationFilterChain.internalDoFilter(ApplicationFilterChain.java:193) ~[tomcat-embed-core-9.0.14.jar:9.0.14]
	at org.apache.catalina.core.ApplicationFilterChain.doFilter(ApplicationFilterChain.java:166) ~[tomcat-embed-core-9.0.14.jar:9.0.14]
	at org.springframework.web.filter.CharacterEncodingFilter.doFilterInternal(CharacterEncodingFilter.java:200) ~[spring-web-5.1.4.RELEASE.jar:5.1.4.RELEASE]
	at org.springframework.web.filter.OncePerRequestFilter.doFilter(OncePerRequestFilter.java:107) ~[spring-web-5.1.4.RELEASE.jar:5.1.4.RELEASE]
	at org.apache.catalina.core.ApplicationFilterChain.internalDoFilter(ApplicationFilterChain.java:193) ~[tomcat-embed-core-9.0.14.jar:9.0.14]
	at org.apache.catalina.core.ApplicationFilterChain.doFilter(ApplicationFilterChain.java:166) ~[tomcat-embed-core-9.0.14.jar:9.0.14]
	at org.apache.catalina.core.StandardWrapperValve.invoke(StandardWrapperValve.java:199) ~[tomcat-embed-core-9.0.14.jar:9.0.14]
	at org.apache.catalina.core.StandardContextValve.invoke(StandardContextValve.java:96) [tomcat-embed-core-9.0.14.jar:9.0.14]
	at org.apache.catalina.authenticator.AuthenticatorBase.invoke(AuthenticatorBase.java:490) [tomcat-embed-core-9.0.14.jar:9.0.14]
	at org.apache.catalina.core.StandardHostValve.invoke(StandardHostValve.java:139) [tomcat-embed-core-9.0.14.jar:9.0.14]
	at org.apache.catalina.valves.ErrorReportValve.invoke(ErrorReportValve.java:92) [tomcat-embed-core-9.0.14.jar:9.0.14]
	at org.apache.catalina.core.StandardEngineValve.invoke(StandardEngineValve.java:74) [tomcat-embed-core-9.0.14.jar:9.0.14]
	at org.apache.catalina.connector.CoyoteAdapter.service(CoyoteAdapter.java:343) [tomcat-embed-core-9.0.14.jar:9.0.14]
	at org.apache.coyote.http11.Http11Processor.service(Http11Processor.java:408) [tomcat-embed-core-9.0.14.jar:9.0.14]
	at org.apache.coyote.AbstractProcessorLight.process(AbstractProcessorLight.java:66) [tomcat-embed-core-9.0.14.jar:9.0.14]
	at org.apache.coyote.AbstractProtocol$ConnectionHandler.process(AbstractProtocol.java:834) [tomcat-embed-core-9.0.14.jar:9.0.14]
	at org.apache.tomcat.util.net.NioEndpoint$SocketProcessor.doRun(NioEndpoint.java:1417) [tomcat-embed-core-9.0.14.jar:9.0.14]
	at org.apache.tomcat.util.net.SocketProcessorBase.run(SocketProcessorBase.java:49) [tomcat-embed-core-9.0.14.jar:9.0.14]
	at java.base/java.util.concurrent.ThreadPoolExecutor.runWorker(ThreadPoolExecutor.java:1135) [na:na]
	at java.base/java.util.concurrent.ThreadPoolExecutor$Worker.run(ThreadPoolExecutor.java:635) [na:na]
	at org.apache.tomcat.util.threads.TaskThread$WrappingRunnable.run(TaskThread.java:61) [tomcat-embed-core-9.0.14.jar:9.0.14]
	at java.base/java.lang.Thread.run(Thread.java:844) [na:na]

2019-02-06 15:52:04.654  INFO 63817 --- [Thread-2] o.s.s.concurrent.ThreadPoolTaskExecutor  : Shutting down ExecutorService 'applicationTaskExecutor'
2019-02-06 15:52:04.673  INFO 63817 --- [Thread-2] j.LocalContainerEntityManagerFactoryBean : Closing JPA EntityManagerFactory for persistence unit 'default'
2019-02-06 15:52:04.701  INFO 63817 --- [Thread-2] com.zaxxer.hikari.HikariDataSource       : HikariPool-1 - Shutdown initiated...
2019-02-06 15:52:04.796  INFO 63817 --- [Thread-2] com.zaxxer.hikari.HikariDataSource       : HikariPool-1 - Shutdown completed.
2019-02-06 15:52:12.143  INFO 64186 --- [main] com.example.demo.ApiApplication          : Starting ApiApplication on Lucas.local with PID 64186 (/Users/lucasgauk/Documents/5thyear/ECE422/api/target/classes started by lucasgauk in /Users/lucasgauk/Documents/5thyear/ECE422/api)
2019-02-06 15:52:12.147  INFO 64186 --- [main] com.example.demo.ApiApplication          : No active profile set, falling back to default profiles: default
2019-02-06 15:52:14.364  INFO 64186 --- [main] .s.d.r.c.RepositoryConfigurationDelegate : Bootstrapping Spring Data repositories in DEFAULT mode.
2019-02-06 15:52:14.478  INFO 64186 --- [main] .s.d.r.c.RepositoryConfigurationDelegate : Finished Spring Data repository scanning in 101ms. Found 1 repository interfaces.
2019-02-06 15:52:14.941  INFO 64186 --- [main] trationDelegate$BeanPostProcessorChecker : Bean 'org.springframework.transaction.annotation.ProxyTransactionManagementConfiguration' of type [org.springframework.transaction.annotation.ProxyTransactionManagementConfiguration$$EnhancerBySpringCGLIB$$cb4c74d7] is not eligible for getting processed by all BeanPostProcessors (for example: not eligible for auto-proxying)
2019-02-06 15:52:15.567  INFO 64186 --- [main] o.s.b.w.embedded.tomcat.TomcatWebServer  : Tomcat initialized with port(s): 8080 (http)
2019-02-06 15:52:15.620  INFO 64186 --- [main] o.apache.catalina.core.StandardService   : Starting service [Tomcat]
2019-02-06 15:52:15.620  INFO 64186 --- [main] org.apache.catalina.core.StandardEngine  : Starting Servlet engine: [Apache Tomcat/9.0.14]
2019-02-06 15:52:15.634  INFO 64186 --- [main] o.a.catalina.core.AprLifecycleListener   : The APR based Apache Tomcat Native library which allows optimal performance in production environments was not found on the java.library.path: [/Users/lucasgauk/Library/Java/Extensions:/Library/Java/Extensions:/Network/Library/Java/Extensions:/System/Library/Java/Extensions:/usr/lib/java:.]
2019-02-06 15:52:15.822  INFO 64186 --- [main] o.a.c.c.C.[.[localhost].[/api/v1]        : Initializing Spring embedded WebApplicationContext
2019-02-06 15:52:15.823  INFO 64186 --- [main] o.s.web.context.ContextLoader            : Root WebApplicationContext: initialization completed in 3580 ms
2019-02-06 15:52:16.059  INFO 64186 --- [main] com.zaxxer.hikari.HikariDataSource       : HikariPool-1 - Starting...
2019-02-06 15:52:16.330  INFO 64186 --- [main] com.zaxxer.hikari.pool.PoolBase          : HikariPool-1 - Driver does not support get/set network timeout for connections. (Not yet supported)
2019-02-06 15:52:16.382  INFO 64186 --- [main] com.zaxxer.hikari.HikariDataSource       : HikariPool-1 - Start completed.
2019-02-06 15:52:16.466  INFO 64186 --- [main] o.hibernate.jpa.internal.util.LogHelper  : HHH000204: Processing PersistenceUnitInfo [
	name: default
	...]
2019-02-06 15:52:16.586  INFO 64186 --- [main] org.hibernate.Version                    : HHH000412: Hibernate Core {5.3.7.Final}
2019-02-06 15:52:16.589  INFO 64186 --- [main] org.hibernate.cfg.Environment            : HHH000206: hibernate.properties not found
2019-02-06 15:52:16.840  INFO 64186 --- [main] o.hibernate.annotations.common.Version   : HCANN000001: Hibernate Commons Annotations {5.0.4.Final}
2019-02-06 15:52:17.063  INFO 64186 --- [main] org.hibernate.dialect.Dialect            : HHH000400: Using dialect: org.hibernate.dialect.MySQL5Dialect
2019-02-06 15:52:17.958  INFO 64186 --- [main] j.LocalContainerEntityManagerFactoryBean : Initialized JPA EntityManagerFactory for persistence unit 'default'
2019-02-06 15:52:18.742  WARN 64186 --- [main] aWebConfiguration$JpaWebMvcConfiguration : spring.jpa.open-in-view is enabled by default. Therefore, database queries may be performed during view rendering. Explicitly configure spring.jpa.open-in-view to disable this warning
2019-02-06 15:52:18.906  INFO 64186 --- [main] pertySourcedRequestMappingHandlerMapping : Mapped URL path [/v2/api-docs] onto method [public org.springframework.http.ResponseEntity<springfox.documentation.spring.web.json.Json> springfox.documentation.swagger2.web.Swagger2Controller.getDocumentation(java.lang.String,javax.servlet.http.HttpServletRequest)]
2019-02-06 15:52:19.142  INFO 64186 --- [main] o.s.s.concurrent.ThreadPoolTaskExecutor  : Initializing ExecutorService 'applicationTaskExecutor'
2019-02-06 15:52:19.448  INFO 64186 --- [main] d.s.w.p.DocumentationPluginsBootstrapper : Context refreshed
2019-02-06 15:52:19.480  INFO 64186 --- [main] d.s.w.p.DocumentationPluginsBootstrapper : Found 1 custom documentation plugin(s)
2019-02-06 15:52:19.525  INFO 64186 --- [main] s.d.s.w.s.ApiListingReferenceScanner     : Scanning for api listing references
2019-02-06 15:52:19.814  INFO 64186 --- [main] o.s.b.w.embedded.tomcat.TomcatWebServer  : Tomcat started on port(s): 8080 (http) with context path '/api/v1'
2019-02-06 15:52:19.821  INFO 64186 --- [main] com.example.demo.ApiApplication          : Started ApiApplication in 8.333 seconds (JVM running for 10.006)
2019-02-06 15:52:27.150  INFO 64186 --- [http-nio-8080-exec-1] o.a.c.c.C.[.[localhost].[/api/v1]        : Initializing Spring DispatcherServlet 'dispatcherServlet'
2019-02-06 15:52:27.151  INFO 64186 --- [http-nio-8080-exec-1] o.s.web.servlet.DispatcherServlet        : Initializing Servlet 'dispatcherServlet'
2019-02-06 15:52:27.166  INFO 64186 --- [http-nio-8080-exec-1] o.s.web.servlet.DispatcherServlet        : Completed initialization in 15 ms
2019-02-06 15:54:56.904 ERROR 64186 --- [http-nio-8080-exec-7] o.a.c.c.C.[.[.[.[dispatcherServlet]      : Servlet.service() for servlet [dispatcherServlet] in context with path [/api/v1] threw exception [Request processing failed; nested exception is java.lang.NullPointerException] with root cause

java.lang.NullPointerException: null
	at java.base/java.util.Objects.requireNonNull(Objects.java:221) ~[na:na]
	at java.base/java.util.Arrays$ArrayList.<init>(Arrays.java:4322) ~[na:na]
	at java.base/java.util.Arrays.asList(Arrays.java:4309) ~[na:na]
	at com.example.demo.Service.Implementation.FileServiceImp.getFileNames(FileServiceImp.java:27) ~[classes/:na]
	at com.example.demo.Controller.FileController.getAllFiles(FileController.java:26) ~[classes/:na]
	at java.base/jdk.internal.reflect.NativeMethodAccessorImpl.invoke0(Native Method) ~[na:na]
	at java.base/jdk.internal.reflect.NativeMethodAccessorImpl.invoke(NativeMethodAccessorImpl.java:62) ~[na:na]
	at java.base/jdk.internal.reflect.DelegatingMethodAccessorImpl.invoke(DelegatingMethodAccessorImpl.java:43) ~[na:na]
	at java.base/java.lang.reflect.Method.invoke(Method.java:564) ~[na:na]
	at org.springframework.web.method.support.InvocableHandlerMethod.doInvoke(InvocableHandlerMethod.java:189) ~[spring-web-5.1.4.RELEASE.jar:5.1.4.RELEASE]
	at org.springframework.web.method.support.InvocableHandlerMethod.invokeForRequest(InvocableHandlerMethod.java:138) ~[spring-web-5.1.4.RELEASE.jar:5.1.4.RELEASE]
	at org.springframework.web.servlet.mvc.method.annotation.ServletInvocableHandlerMethod.invokeAndHandle(ServletInvocableHandlerMethod.java:102) ~[spring-webmvc-5.1.4.RELEASE.jar:5.1.4.RELEASE]
	at org.springframework.web.servlet.mvc.method.annotation.RequestMappingHandlerAdapter.invokeHandlerMethod(RequestMappingHandlerAdapter.java:895) ~[spring-webmvc-5.1.4.RELEASE.jar:5.1.4.RELEASE]
	at org.springframework.web.servlet.mvc.method.annotation.RequestMappingHandlerAdapter.handleInternal(RequestMappingHandlerAdapter.java:800) ~[spring-webmvc-5.1.4.RELEASE.jar:5.1.4.RELEASE]
	at org.springframework.web.servlet.mvc.method.AbstractHandlerMethodAdapter.handle(AbstractHandlerMethodAdapter.java:87) ~[spring-webmvc-5.1.4.RELEASE.jar:5.1.4.RELEASE]
	at org.springframework.web.servlet.DispatcherServlet.doDispatch(DispatcherServlet.java:1038) ~[spring-webmvc-5.1.4.RELEASE.jar:5.1.4.RELEASE]
	at org.springframework.web.servlet.DispatcherServlet.doService(DispatcherServlet.java:942) ~[spring-webmvc-5.1.4.RELEASE.jar:5.1.4.RELEASE]
	at org.springframework.web.servlet.FrameworkServlet.processRequest(FrameworkServlet.java:1005) ~[spring-webmvc-5.1.4.RELEASE.jar:5.1.4.RELEASE]
	at org.springframework.web.servlet.FrameworkServlet.doGet(FrameworkServlet.java:897) ~[spring-webmvc-5.1.4.RELEASE.jar:5.1.4.RELEASE]
	at javax.servlet.http.HttpServlet.service(HttpServlet.java:634) ~[tomcat-embed-core-9.0.14.jar:9.0.14]
	at org.springframework.web.servlet.FrameworkServlet.service(FrameworkServlet.java:882) ~[spring-webmvc-5.1.4.RELEASE.jar:5.1.4.RELEASE]
	at javax.servlet.http.HttpServlet.service(HttpServlet.java:741) ~[tomcat-embed-core-9.0.14.jar:9.0.14]
	at org.apache.catalina.core.ApplicationFilterChain.internalDoFilter(ApplicationFilterChain.java:231) ~[tomcat-embed-core-9.0.14.jar:9.0.14]
	at org.apache.catalina.core.ApplicationFilterChain.doFilter(ApplicationFilterChain.java:166) ~[tomcat-embed-core-9.0.14.jar:9.0.14]
	at org.apache.tomcat.websocket.server.WsFilter.doFilter(WsFilter.java:53) ~[tomcat-embed-websocket-9.0.14.jar:9.0.14]
	at org.apache.catalina.core.ApplicationFilterChain.internalDoFilter(ApplicationFilterChain.java:193) ~[tomcat-embed-core-9.0.14.jar:9.0.14]
	at org.apache.catalina.core.ApplicationFilterChain.doFilter(ApplicationFilterChain.java:166) ~[tomcat-embed-core-9.0.14.jar:9.0.14]
	at org.springframework.web.filter.RequestContextFilter.doFilterInternal(RequestContextFilter.java:99) ~[spring-web-5.1.4.RELEASE.jar:5.1.4.RELEASE]
	at org.springframework.web.filter.OncePerRequestFilter.doFilter(OncePerRequestFilter.java:107) ~[spring-web-5.1.4.RELEASE.jar:5.1.4.RELEASE]
	at org.apache.catalina.core.ApplicationFilterChain.internalDoFilter(ApplicationFilterChain.java:193) ~[tomcat-embed-core-9.0.14.jar:9.0.14]
	at org.apache.catalina.core.ApplicationFilterChain.doFilter(ApplicationFilterChain.java:166) ~[tomcat-embed-core-9.0.14.jar:9.0.14]
	at org.springframework.web.filter.FormContentFilter.doFilterInternal(FormContentFilter.java:92) ~[spring-web-5.1.4.RELEASE.jar:5.1.4.RELEASE]
	at org.springframework.web.filter.OncePerRequestFilter.doFilter(OncePerRequestFilter.java:107) ~[spring-web-5.1.4.RELEASE.jar:5.1.4.RELEASE]
	at org.apache.catalina.core.ApplicationFilterChain.internalDoFilter(ApplicationFilterChain.java:193) ~[tomcat-embed-core-9.0.14.jar:9.0.14]
	at org.apache.catalina.core.ApplicationFilterChain.doFilter(ApplicationFilterChain.java:166) ~[tomcat-embed-core-9.0.14.jar:9.0.14]
	at org.springframework.web.filter.HiddenHttpMethodFilter.doFilterInternal(HiddenHttpMethodFilter.java:93) ~[spring-web-5.1.4.RELEASE.jar:5.1.4.RELEASE]
	at org.springframework.web.filter.OncePerRequestFilter.doFilter(OncePerRequestFilter.java:107) ~[spring-web-5.1.4.RELEASE.jar:5.1.4.RELEASE]
	at org.apache.catalina.core.ApplicationFilterChain.internalDoFilter(ApplicationFilterChain.java:193) ~[tomcat-embed-core-9.0.14.jar:9.0.14]
	at org.apache.catalina.core.ApplicationFilterChain.doFilter(ApplicationFilterChain.java:166) ~[tomcat-embed-core-9.0.14.jar:9.0.14]
	at org.springframework.web.filter.CharacterEncodingFilter.doFilterInternal(CharacterEncodingFilter.java:200) ~[spring-web-5.1.4.RELEASE.jar:5.1.4.RELEASE]
	at org.springframework.web.filter.OncePerRequestFilter.doFilter(OncePerRequestFilter.java:107) ~[spring-web-5.1.4.RELEASE.jar:5.1.4.RELEASE]
	at org.apache.catalina.core.ApplicationFilterChain.internalDoFilter(ApplicationFilterChain.java:193) ~[tomcat-embed-core-9.0.14.jar:9.0.14]
	at org.apache.catalina.core.ApplicationFilterChain.doFilter(ApplicationFilterChain.java:166) ~[tomcat-embed-core-9.0.14.jar:9.0.14]
	at org.apache.catalina.core.StandardWrapperValve.invoke(StandardWrapperValve.java:199) ~[tomcat-embed-core-9.0.14.jar:9.0.14]
	at org.apache.catalina.core.StandardContextValve.invoke(StandardContextValve.java:96) [tomcat-embed-core-9.0.14.jar:9.0.14]
	at org.apache.catalina.authenticator.AuthenticatorBase.invoke(AuthenticatorBase.java:490) [tomcat-embed-core-9.0.14.jar:9.0.14]
	at org.apache.catalina.core.StandardHostValve.invoke(StandardHostValve.java:139) [tomcat-embed-core-9.0.14.jar:9.0.14]
	at org.apache.catalina.valves.ErrorReportValve.invoke(ErrorReportValve.java:92) [tomcat-embed-core-9.0.14.jar:9.0.14]
	at org.apache.catalina.core.StandardEngineValve.invoke(StandardEngineValve.java:74) [tomcat-embed-core-9.0.14.jar:9.0.14]
	at org.apache.catalina.connector.CoyoteAdapter.service(CoyoteAdapter.java:343) [tomcat-embed-core-9.0.14.jar:9.0.14]
	at org.apache.coyote.http11.Http11Processor.service(Http11Processor.java:408) [tomcat-embed-core-9.0.14.jar:9.0.14]
	at org.apache.coyote.AbstractProcessorLight.process(AbstractProcessorLight.java:66) [tomcat-embed-core-9.0.14.jar:9.0.14]
	at org.apache.coyote.AbstractProtocol$ConnectionHandler.process(AbstractProtocol.java:834) [tomcat-embed-core-9.0.14.jar:9.0.14]
	at org.apache.tomcat.util.net.NioEndpoint$SocketProcessor.doRun(NioEndpoint.java:1417) [tomcat-embed-core-9.0.14.jar:9.0.14]
	at org.apache.tomcat.util.net.SocketProcessorBase.run(SocketProcessorBase.java:49) [tomcat-embed-core-9.0.14.jar:9.0.14]
	at java.base/java.util.concurrent.ThreadPoolExecutor.runWorker(ThreadPoolExecutor.java:1135) [na:na]
	at java.base/java.util.concurrent.ThreadPoolExecutor$Worker.run(ThreadPoolExecutor.java:635) [na:na]
	at org.apache.tomcat.util.threads.TaskThread$WrappingRunnable.run(TaskThread.java:61) [tomcat-embed-core-9.0.14.jar:9.0.14]
	at java.base/java.lang.Thread.run(Thread.java:844) [na:na]

2019-02-06 15:57:55.040  INFO 64186 --- [Thread-2] o.s.s.concurrent.ThreadPoolTaskExecutor  : Shutting down ExecutorService 'applicationTaskExecutor'
2019-02-06 15:57:55.050  INFO 64186 --- [Thread-2] j.LocalContainerEntityManagerFactoryBean : Closing JPA EntityManagerFactory for persistence unit 'default'
2019-02-06 15:57:55.070  INFO 64186 --- [Thread-2] com.zaxxer.hikari.HikariDataSource       : HikariPool-1 - Shutdown initiated...
2019-02-06 15:57:55.083  INFO 64186 --- [Thread-2] com.zaxxer.hikari.HikariDataSource       : HikariPool-1 - Shutdown completed.
2019-02-06 15:58:01.313  INFO 64241 --- [main] com.example.demo.ApiApplication          : Starting ApiApplication on Lucas.local with PID 64241 (/Users/lucasgauk/Documents/5thyear/ECE422/api/target/classes started by lucasgauk in /Users/lucasgauk/Documents/5thyear/ECE422/api)
2019-02-06 15:58:01.321  INFO 64241 --- [main] com.example.demo.ApiApplication          : No active profile set, falling back to default profiles: default
2019-02-06 15:58:03.460  INFO 64241 --- [main] .s.d.r.c.RepositoryConfigurationDelegate : Bootstrapping Spring Data repositories in DEFAULT mode.
2019-02-06 15:58:03.544  INFO 64241 --- [main] .s.d.r.c.RepositoryConfigurationDelegate : Finished Spring Data repository scanning in 76ms. Found 1 repository interfaces.
2019-02-06 15:58:03.998  INFO 64241 --- [main] trationDelegate$BeanPostProcessorChecker : Bean 'org.springframework.transaction.annotation.ProxyTransactionManagementConfiguration' of type [org.springframework.transaction.annotation.ProxyTransactionManagementConfiguration$$EnhancerBySpringCGLIB$$525f214] is not eligible for getting processed by all BeanPostProcessors (for example: not eligible for auto-proxying)
2019-02-06 15:58:04.511  INFO 64241 --- [main] o.s.b.w.embedded.tomcat.TomcatWebServer  : Tomcat initialized with port(s): 8080 (http)
2019-02-06 15:58:04.556  INFO 64241 --- [main] o.apache.catalina.core.StandardService   : Starting service [Tomcat]
2019-02-06 15:58:04.556  INFO 64241 --- [main] org.apache.catalina.core.StandardEngine  : Starting Servlet engine: [Apache Tomcat/9.0.14]
2019-02-06 15:58:04.568  INFO 64241 --- [main] o.a.catalina.core.AprLifecycleListener   : The APR based Apache Tomcat Native library which allows optimal performance in production environments was not found on the java.library.path: [/Users/lucasgauk/Library/Java/Extensions:/Library/Java/Extensions:/Network/Library/Java/Extensions:/System/Library/Java/Extensions:/usr/lib/java:.]
2019-02-06 15:58:04.781  INFO 64241 --- [main] o.a.c.c.C.[.[localhost].[/api/v1]        : Initializing Spring embedded WebApplicationContext
2019-02-06 15:58:04.782  INFO 64241 --- [main] o.s.web.context.ContextLoader            : Root WebApplicationContext: initialization completed in 3276 ms
2019-02-06 15:58:05.103  INFO 64241 --- [main] com.zaxxer.hikari.HikariDataSource       : HikariPool-1 - Starting...
2019-02-06 15:58:05.347  INFO 64241 --- [main] com.zaxxer.hikari.pool.PoolBase          : HikariPool-1 - Driver does not support get/set network timeout for connections. (Not yet supported)
2019-02-06 15:58:05.351  INFO 64241 --- [main] com.zaxxer.hikari.HikariDataSource       : HikariPool-1 - Start completed.
2019-02-06 15:58:05.419  INFO 64241 --- [main] o.hibernate.jpa.internal.util.LogHelper  : HHH000204: Processing PersistenceUnitInfo [
	name: default
	...]
2019-02-06 15:58:05.510  INFO 64241 --- [main] org.hibernate.Version                    : HHH000412: Hibernate Core {5.3.7.Final}
2019-02-06 15:58:05.512  INFO 64241 --- [main] org.hibernate.cfg.Environment            : HHH000206: hibernate.properties not found
2019-02-06 15:58:05.736  INFO 64241 --- [main] o.hibernate.annotations.common.Version   : HCANN000001: Hibernate Commons Annotations {5.0.4.Final}
2019-02-06 15:58:05.911  INFO 64241 --- [main] org.hibernate.dialect.Dialect            : HHH000400: Using dialect: org.hibernate.dialect.MySQL5Dialect
2019-02-06 15:58:06.724  INFO 64241 --- [main] j.LocalContainerEntityManagerFactoryBean : Initialized JPA EntityManagerFactory for persistence unit 'default'
2019-02-06 15:58:07.475  WARN 64241 --- [main] aWebConfiguration$JpaWebMvcConfiguration : spring.jpa.open-in-view is enabled by default. Therefore, database queries may be performed during view rendering. Explicitly configure spring.jpa.open-in-view to disable this warning
2019-02-06 15:58:07.649  INFO 64241 --- [main] pertySourcedRequestMappingHandlerMapping : Mapped URL path [/v2/api-docs] onto method [public org.springframework.http.ResponseEntity<springfox.documentation.spring.web.json.Json> springfox.documentation.swagger2.web.Swagger2Controller.getDocumentation(java.lang.String,javax.servlet.http.HttpServletRequest)]
2019-02-06 15:58:07.881  INFO 64241 --- [main] o.s.s.concurrent.ThreadPoolTaskExecutor  : Initializing ExecutorService 'applicationTaskExecutor'
2019-02-06 15:58:08.199  INFO 64241 --- [main] d.s.w.p.DocumentationPluginsBootstrapper : Context refreshed
2019-02-06 15:58:08.225  INFO 64241 --- [main] d.s.w.p.DocumentationPluginsBootstrapper : Found 1 custom documentation plugin(s)
2019-02-06 15:58:08.260  INFO 64241 --- [main] s.d.s.w.s.ApiListingReferenceScanner     : Scanning for api listing references
2019-02-06 15:58:08.525  INFO 64241 --- [main] o.s.b.w.embedded.tomcat.TomcatWebServer  : Tomcat started on port(s): 8080 (http) with context path '/api/v1'
2019-02-06 15:58:08.531  INFO 64241 --- [main] com.example.demo.ApiApplication          : Started ApiApplication in 7.846 seconds (JVM running for 9.311)
2019-02-06 15:58:18.208  INFO 64241 --- [http-nio-8080-exec-1] o.a.c.c.C.[.[localhost].[/api/v1]        : Initializing Spring DispatcherServlet 'dispatcherServlet'
2019-02-06 15:58:18.210  INFO 64241 --- [http-nio-8080-exec-1] o.s.web.servlet.DispatcherServlet        : Initializing Servlet 'dispatcherServlet'
2019-02-06 15:58:18.224  INFO 64241 --- [http-nio-8080-exec-1] o.s.web.servlet.DispatcherServlet        : Completed initialization in 14 ms
2019-02-06 15:59:17.801  INFO 64241 --- [Thread-2] o.s.s.concurrent.ThreadPoolTaskExecutor  : Shutting down ExecutorService 'applicationTaskExecutor'
2019-02-06 15:59:17.809  INFO 64241 --- [Thread-2] j.LocalContainerEntityManagerFactoryBean : Closing JPA EntityManagerFactory for persistence unit 'default'
2019-02-06 15:59:17.817  INFO 64241 --- [Thread-2] com.zaxxer.hikari.HikariDataSource       : HikariPool-1 - Shutdown initiated...
2019-02-06 15:59:17.827  INFO 64241 --- [Thread-2] com.zaxxer.hikari.HikariDataSource       : HikariPool-1 - Shutdown completed.
2019-02-06 15:59:23.764  INFO 64265 --- [main] com.example.demo.ApiApplication          : Starting ApiApplication on Lucas.local with PID 64265 (/Users/lucasgauk/Documents/5thyear/ECE422/api/target/classes started by lucasgauk in /Users/lucasgauk/Documents/5thyear/ECE422/api)
2019-02-06 15:59:23.770  INFO 64265 --- [main] com.example.demo.ApiApplication          : No active profile set, falling back to default profiles: default
2019-02-06 15:59:25.647  INFO 64265 --- [main] .s.d.r.c.RepositoryConfigurationDelegate : Bootstrapping Spring Data repositories in DEFAULT mode.
2019-02-06 15:59:25.748  INFO 64265 --- [main] .s.d.r.c.RepositoryConfigurationDelegate : Finished Spring Data repository scanning in 91ms. Found 1 repository interfaces.
2019-02-06 15:59:26.163  INFO 64265 --- [main] trationDelegate$BeanPostProcessorChecker : Bean 'org.springframework.transaction.annotation.ProxyTransactionManagementConfiguration' of type [org.springframework.transaction.annotation.ProxyTransactionManagementConfiguration$$EnhancerBySpringCGLIB$$6cd3ea40] is not eligible for getting processed by all BeanPostProcessors (for example: not eligible for auto-proxying)
2019-02-06 15:59:26.657  INFO 64265 --- [main] o.s.b.w.embedded.tomcat.TomcatWebServer  : Tomcat initialized with port(s): 8080 (http)
2019-02-06 15:59:26.704  INFO 64265 --- [main] o.apache.catalina.core.StandardService   : Starting service [Tomcat]
2019-02-06 15:59:26.704  INFO 64265 --- [main] org.apache.catalina.core.StandardEngine  : Starting Servlet engine: [Apache Tomcat/9.0.14]
2019-02-06 15:59:26.715  INFO 64265 --- [main] o.a.catalina.core.AprLifecycleListener   : The APR based Apache Tomcat Native library which allows optimal performance in production environments was not found on the java.library.path: [/Users/lucasgauk/Library/Java/Extensions:/Library/Java/Extensions:/Network/Library/Java/Extensions:/System/Library/Java/Extensions:/usr/lib/java:.]
2019-02-06 15:59:26.917  INFO 64265 --- [main] o.a.c.c.C.[.[localhost].[/api/v1]        : Initializing Spring embedded WebApplicationContext
2019-02-06 15:59:26.917  INFO 64265 --- [main] o.s.web.context.ContextLoader            : Root WebApplicationContext: initialization completed in 3023 ms
2019-02-06 15:59:27.131  INFO 64265 --- [main] com.zaxxer.hikari.HikariDataSource       : HikariPool-1 - Starting...
2019-02-06 15:59:27.178  INFO 64265 --- [main] com.zaxxer.hikari.pool.PoolBase          : HikariPool-1 - Driver does not support get/set network timeout for connections. (Not yet supported)
2019-02-06 15:59:27.182  INFO 64265 --- [main] com.zaxxer.hikari.HikariDataSource       : HikariPool-1 - Start completed.
2019-02-06 15:59:27.264  INFO 64265 --- [main] o.hibernate.jpa.internal.util.LogHelper  : HHH000204: Processing PersistenceUnitInfo [
	name: default
	...]
2019-02-06 15:59:27.373  INFO 64265 --- [main] org.hibernate.Version                    : HHH000412: Hibernate Core {5.3.7.Final}
2019-02-06 15:59:27.378  INFO 64265 --- [main] org.hibernate.cfg.Environment            : HHH000206: hibernate.properties not found
2019-02-06 15:59:27.579  INFO 64265 --- [main] o.hibernate.annotations.common.Version   : HCANN000001: Hibernate Commons Annotations {5.0.4.Final}
2019-02-06 15:59:27.754  INFO 64265 --- [main] org.hibernate.dialect.Dialect            : HHH000400: Using dialect: org.hibernate.dialect.MySQL5Dialect
2019-02-06 15:59:28.470  INFO 64265 --- [main] j.LocalContainerEntityManagerFactoryBean : Initialized JPA EntityManagerFactory for persistence unit 'default'
2019-02-06 15:59:29.172  WARN 64265 --- [main] aWebConfiguration$JpaWebMvcConfiguration : spring.jpa.open-in-view is enabled by default. Therefore, database queries may be performed during view rendering. Explicitly configure spring.jpa.open-in-view to disable this warning
2019-02-06 15:59:29.320  INFO 64265 --- [main] pertySourcedRequestMappingHandlerMapping : Mapped URL path [/v2/api-docs] onto method [public org.springframework.http.ResponseEntity<springfox.documentation.spring.web.json.Json> springfox.documentation.swagger2.web.Swagger2Controller.getDocumentation(java.lang.String,javax.servlet.http.HttpServletRequest)]
2019-02-06 15:59:29.577  INFO 64265 --- [main] o.s.s.concurrent.ThreadPoolTaskExecutor  : Initializing ExecutorService 'applicationTaskExecutor'
2019-02-06 15:59:29.827  INFO 64265 --- [main] d.s.w.p.DocumentationPluginsBootstrapper : Context refreshed
2019-02-06 15:59:29.858  INFO 64265 --- [main] d.s.w.p.DocumentationPluginsBootstrapper : Found 1 custom documentation plugin(s)
2019-02-06 15:59:29.897  INFO 64265 --- [main] s.d.s.w.s.ApiListingReferenceScanner     : Scanning for api listing references
2019-02-06 15:59:30.157  INFO 64265 --- [main] o.s.b.w.embedded.tomcat.TomcatWebServer  : Tomcat started on port(s): 8080 (http) with context path '/api/v1'
2019-02-06 15:59:30.163  INFO 64265 --- [main] com.example.demo.ApiApplication          : Started ApiApplication in 6.964 seconds (JVM running for 8.318)
2019-02-06 15:59:35.255  INFO 64265 --- [http-nio-8080-exec-1] o.a.c.c.C.[.[localhost].[/api/v1]        : Initializing Spring DispatcherServlet 'dispatcherServlet'
2019-02-06 15:59:35.256  INFO 64265 --- [http-nio-8080-exec-1] o.s.web.servlet.DispatcherServlet        : Initializing Servlet 'dispatcherServlet'
2019-02-06 15:59:35.271  INFO 64265 --- [http-nio-8080-exec-1] o.s.web.servlet.DispatcherServlet        : Completed initialization in 15 ms
2019-02-06 16:07:06.939  WARN 64265 --- [HikariPool-1 housekeeper] com.zaxxer.hikari.pool.HikariPool        : HikariPool-1 - Thread starvation or clock leap detected (housekeeper delta=7m9s643ms).
